<?xml version="1.0" encoding="UTF-8"?>
<!-- Generated by org.testng.reporters.JUnitReportReporter -->
<testsuite hostname="MacBook-Pro-2" failures="0" tests="6" name="com.Hash.e_invoice.TC4_PhaseSelection" time="0.000" errors="0" timestamp="2024-11-20T16:06:57 EST" skipped="6">
  <testcase classname="com.Hash.e_invoice.TC4_PhaseSelection" name="T05_SelectPhase2" time="0.000">
    <skipped/>
  </testcase> <!-- T05_SelectPhase2 -->
  <testcase classname="com.Hash.e_invoice.TC4_PhaseSelection" name="T03_EnterPassword" time="0.000">
    <skipped/>
  </testcase> <!-- T03_EnterPassword -->
  <testcase classname="com.Hash.e_invoice.TC4_PhaseSelection" name="T04_ClickOnSignIn" time="0.000">
    <skipped/>
  </testcase> <!-- T04_ClickOnSignIn -->
  <testcase classname="com.Hash.e_invoice.TC4_PhaseSelection" name="T06_ClickOnContinue" time="0.000">
    <skipped/>
  </testcase> <!-- T06_ClickOnContinue -->
  <testcase classname="com.Hash.e_invoice.TC4_PhaseSelection" name="T02_EnterEmail" time="0.000">
    <skipped/>
  </testcase> <!-- T02_EnterEmail -->
  <testcase classname="com.Hash.e_invoice.TC4_PhaseSelection" name="T01_NavigateToURL" time="0.000">
    <skipped/>
  </testcase> <!-- T01_NavigateToURL -->
</testsuite> <!-- com.Hash.e_invoice.TC4_PhaseSelection -->
