<?xml version="1.0" encoding="UTF-8"?>
<!-- Generated by org.testng.reporters.JUnitReportReporter -->
<testsuite hostname="MacBook-Pro-2" failures="0" tests="5" name="com.Hash.e_invoice.TC2_SignInTest" time="0.000" errors="0" timestamp="2024-11-20T16:06:57 EST" skipped="5">
  <testcase classname="com.Hash.e_invoice.TC2_SignInTest" name="T05_EnterOrgNmAR" time="0.000">
    <skipped/>
  </testcase> <!-- T05_EnterOrgNmAR -->
  <testcase classname="com.Hash.e_invoice.TC2_SignInTest" name="T04_ClickOnSignIn" time="0.000">
    <skipped/>
  </testcase> <!-- T04_ClickOnSignIn -->
  <testcase classname="com.Hash.e_invoice.TC2_SignInTest" name="T02_EnterEmail" time="0.000">
    <skipped/>
  </testcase> <!-- T02_EnterEmail -->
  <testcase classname="com.Hash.e_invoice.TC2_SignInTest" name="T03_EnterPassword" time="0.000">
    <skipped/>
  </testcase> <!-- T03_EnterPassword -->
  <testcase classname="com.Hash.e_invoice.TC2_SignInTest" name="T06_RegInputField" time="0.000">
    <skipped/>
  </testcase> <!-- T06_RegInputField -->
</testsuite> <!-- com.Hash.e_invoice.TC2_SignInTest -->
