<?xml version="1.0" encoding="UTF-8"?>
<!-- Generated by org.testng.reporters.JUnitReportReporter -->
<testsuite hostname="MacBook-Pro-2" failures="0" tests="8" name="com.Hash.e_invoice.TC3_AddEntityTest" time="0.001" errors="0" timestamp="2024-11-20T16:06:57 EST" skipped="8">
  <testcase classname="com.Hash.e_invoice.TC3_AddEntityTest" name="T03_EnterPassword" time="0.000">
    <skipped/>
  </testcase> <!-- T03_EnterPassword -->
  <testcase classname="com.Hash.e_invoice.TC3_AddEntityTest" name="T01_NavigateToURL" time="0.001">
    <skipped/>
  </testcase> <!-- T01_NavigateToURL -->
  <testcase classname="com.Hash.e_invoice.TC3_AddEntityTest" name="T02_EnterEmail" time="0.000">
    <skipped/>
  </testcase> <!-- T02_EnterEmail -->
  <testcase classname="com.Hash.e_invoice.TC3_AddEntityTest" name="T06_ClickCheeckBOX" time="0.000">
    <skipped/>
  </testcase> <!-- T06_ClickCheeckBOX -->
  <testcase classname="com.Hash.e_invoice.TC3_AddEntityTest" name="T08_ClickOnContinue" time="0.000">
    <skipped/>
  </testcase> <!-- T08_ClickOnContinue -->
  <testcase classname="com.Hash.e_invoice.TC3_AddEntityTest" name="T07_ClickOnSave" time="0.000">
    <skipped/>
  </testcase> <!-- T07_ClickOnSave -->
  <testcase classname="com.Hash.e_invoice.TC3_AddEntityTest" name="T04_ClickOnSignIn" time="0.000">
    <skipped/>
  </testcase> <!-- T04_ClickOnSignIn -->
  <testcase classname="com.Hash.e_invoice.TC3_AddEntityTest" name="T05_AddEntity" time="0.000">
    <skipped/>
  </testcase> <!-- T05_AddEntity -->
</testsuite> <!-- com.Hash.e_invoice.TC3_AddEntityTest -->
