<?xml version="1.0" encoding="UTF-8"?>
<!-- Generated by org.testng.reporters.JUnitReportReporter -->
<testsuite hostname="Mac" failures="0" tests="18" name="com.Hash.e_invoice.TC8_CreateStandardInvoice" time="104.108" errors="0" timestamp="2024-12-20T22:19:35 EST" skipped="0">
  <testcase classname="com.Hash.e_invoice.TC8_CreateStandardInvoice" name="T02_EnterEmail" time="2.142"/>
  <testcase classname="com.Hash.e_invoice.TC8_CreateStandardInvoice" name="T03_EnterPassword" time="2.058"/>
  <testcase classname="com.Hash.e_invoice.TC8_CreateStandardInvoice" name="T05_ClickOneInvoice" time="5.074"/>
  <testcase classname="com.Hash.e_invoice.TC8_CreateStandardInvoice" name="T11_SelectCustomer" time="4.136"/>
  <testcase classname="com.Hash.e_invoice.TC8_CreateStandardInvoice" name="T12_PurchaseOrder" time="2.066"/>
  <testcase classname="com.Hash.e_invoice.TC8_CreateStandardInvoice" name="T04_ClickOnSignIn" time="5.068"/>
  <testcase classname="com.Hash.e_invoice.TC8_CreateStandardInvoice" name="T14_SelectSupplyStartDate" time="4.194"/>
  <testcase classname="com.Hash.e_invoice.TC8_CreateStandardInvoice" name="T13_ContractNumber" time="2.050"/>
  <testcase classname="com.Hash.e_invoice.TC8_CreateStandardInvoice" name="T15_SelectSupplyEndDate" time="4.161"/>
  <testcase classname="com.Hash.e_invoice.TC8_CreateStandardInvoice" name="T16_InputIteamName" time="4.588"/>
  <testcase classname="com.Hash.e_invoice.TC8_CreateStandardInvoice" name="T18_InputPrice" time="5.147"/>
  <testcase classname="com.Hash.e_invoice.TC8_CreateStandardInvoice" name="T19_InputUnit" time="15.092"/>
  <testcase classname="com.Hash.e_invoice.TC8_CreateStandardInvoice" name="T17_InputQantity" time="5.113"/>
  <testcase classname="com.Hash.e_invoice.TC8_CreateStandardInvoice" name="T01_NavigateToURL" time="7.236"/>
  <testcase classname="com.Hash.e_invoice.TC8_CreateStandardInvoice" name="T07_SelectOrganization" time="4.189"/>
  <testcase classname="com.Hash.e_invoice.TC8_CreateStandardInvoice" name="T20_SelectTaxPercentage" time="25.532"/>
  <testcase classname="com.Hash.e_invoice.TC8_CreateStandardInvoice" name="T10_SelectInvoiceType" time="4.181"/>
  <testcase classname="com.Hash.e_invoice.TC8_CreateStandardInvoice" name="T06_ClickOnCreate" time="2.081"/>
</testsuite> <!-- com.Hash.e_invoice.TC8_CreateStandardInvoice -->
