<?xml version="1.0" encoding="UTF-8"?>
<!-- Generated by org.testng.reporters.JUnitReportReporter -->
<testsuite hostname="MacBook-Pro-2" failures="0" tests="18" name="com.Hash.e_invoice.TC5_AddDevice" time="0.000" errors="0" timestamp="2024-11-20T16:06:57 EST" skipped="18">
  <testcase classname="com.Hash.e_invoice.TC5_AddDevice" name="T20_ClickOnContinue" time="0.000">
    <skipped/>
  </testcase> <!-- T20_ClickOnContinue -->
  <testcase classname="com.Hash.e_invoice.TC5_AddDevice" name="T18_ClickOnSave" time="0.000">
    <skipped/>
  </testcase> <!-- T18_ClickOnSave -->
  <testcase classname="com.Hash.e_invoice.TC5_AddDevice" name="T01_NavigateToURL" time="0.000">
    <skipped/>
  </testcase> <!-- T01_NavigateToURL -->
  <testcase classname="com.Hash.e_invoice.TC5_AddDevice" name="T17_UploadLogo" time="0.000">
    <skipped/>
  </testcase> <!-- T17_UploadLogo -->
  <testcase classname="com.Hash.e_invoice.TC5_AddDevice" name="T14_SelectInvoiceType" time="0.000">
    <skipped/>
  </testcase> <!-- T14_SelectInvoiceType -->
  <testcase classname="com.Hash.e_invoice.TC5_AddDevice" name="T06_EnterEmail" time="0.000">
    <skipped/>
  </testcase> <!-- T06_EnterEmail -->
  <testcase classname="com.Hash.e_invoice.TC5_AddDevice" name="T10_EnterOrgUnitName" time="0.000">
    <skipped/>
  </testcase> <!-- T10_EnterOrgUnitName -->
  <testcase classname="com.Hash.e_invoice.TC5_AddDevice" name="T05_AddEntity" time="0.000">
    <skipped/>
  </testcase> <!-- T05_AddEntity -->
  <testcase classname="com.Hash.e_invoice.TC5_AddDevice" name="T19_ClickOnContinue" time="0.000">
    <skipped/>
  </testcase> <!-- T19_ClickOnContinue -->
  <testcase classname="com.Hash.e_invoice.TC5_AddDevice" name="T04_ClickOnSignIn" time="0.000">
    <skipped/>
  </testcase> <!-- T04_ClickOnSignIn -->
  <testcase classname="com.Hash.e_invoice.TC5_AddDevice" name="T02_EnterEmail" time="0.000">
    <skipped/>
  </testcase> <!-- T02_EnterEmail -->
  <testcase classname="com.Hash.e_invoice.TC5_AddDevice" name="T07_EnterSerialNumber" time="0.000">
    <skipped/>
  </testcase> <!-- T07_EnterSerialNumber -->
  <testcase classname="com.Hash.e_invoice.TC5_AddDevice" name="T15_SelectEntity" time="0.000">
    <skipped/>
  </testcase> <!-- T15_SelectEntity -->
  <testcase classname="com.Hash.e_invoice.TC5_AddDevice" name="T03_EnterPassword" time="0.000">
    <skipped/>
  </testcase> <!-- T03_EnterPassword -->
  <testcase classname="com.Hash.e_invoice.TC5_AddDevice" name="T16_EnterOTP" time="0.000">
    <skipped/>
  </testcase> <!-- T16_EnterOTP -->
  <testcase classname="com.Hash.e_invoice.TC5_AddDevice" name="T13_EnterBuissSector" time="0.000">
    <skipped/>
  </testcase> <!-- T13_EnterBuissSector -->
  <testcase classname="com.Hash.e_invoice.TC5_AddDevice" name="T09_EnterCommonName" time="0.000">
    <skipped/>
  </testcase> <!-- T09_EnterCommonName -->
  <testcase classname="com.Hash.e_invoice.TC5_AddDevice" name="T08_EnterDeviceName" time="0.000">
    <skipped/>
  </testcase> <!-- T08_EnterDeviceName -->
</testsuite> <!-- com.Hash.e_invoice.TC5_AddDevice -->
