<?xml version="1.0" encoding="UTF-8"?>
<!-- Generated by org.testng.reporters.JUnitReportReporter -->
<testsuite hostname="Mac" failures="0" tests="18" name="com.Hash.e_invoice.TC5_AddDevice" time="108.649" errors="0" timestamp="2024-12-20T22:45:24 EST" skipped="0">
  <testcase classname="com.Hash.e_invoice.TC5_AddDevice" name="T04_ClickOnSignIn" time="5.070"/>
  <testcase classname="com.Hash.e_invoice.TC5_AddDevice" name="T18_ClickOnSave" time="5.079"/>
  <testcase classname="com.Hash.e_invoice.TC5_AddDevice" name="T06_EnterEmail" time="5.063"/>
  <testcase classname="com.Hash.e_invoice.TC5_AddDevice" name="T17_UploadLogo" time="10.118"/>
  <testcase classname="com.Hash.e_invoice.TC5_AddDevice" name="T03_EnterPassword" time="5.083"/>
  <testcase classname="com.Hash.e_invoice.TC5_AddDevice" name="T16_EnterOTP" time="5.058"/>
  <testcase classname="com.Hash.e_invoice.TC5_AddDevice" name="T13_EnterBuissSector" time="5.057"/>
  <testcase classname="com.Hash.e_invoice.TC5_AddDevice" name="T01_NavigateToURL" time="7.121"/>
  <testcase classname="com.Hash.e_invoice.TC5_AddDevice" name="T15_SelectEntity" time="10.186"/>
  <testcase classname="com.Hash.e_invoice.TC5_AddDevice" name="T19_ClickOnContinue" time="5.054"/>
  <testcase classname="com.Hash.e_invoice.TC5_AddDevice" name="T08_EnterDeviceName" time="5.057"/>
  <testcase classname="com.Hash.e_invoice.TC5_AddDevice" name="T07_EnterSerialNumber" time="5.067"/>
  <testcase classname="com.Hash.e_invoice.TC5_AddDevice" name="T05_AddDevice" time="5.128"/>
  <testcase classname="com.Hash.e_invoice.TC5_AddDevice" name="T14_SelectInvoiceType" time="10.211"/>
  <testcase classname="com.Hash.e_invoice.TC5_AddDevice" name="T09_EnterCommonName" time="5.055"/>
  <testcase classname="com.Hash.e_invoice.TC5_AddDevice" name="T02_EnterEmail" time="5.126"/>
  <testcase classname="com.Hash.e_invoice.TC5_AddDevice" name="T10_EnterOrgUnitName" time="5.051"/>
  <testcase classname="com.Hash.e_invoice.TC5_AddDevice" name="T20_ClickOnContinue" time="5.065"/>
</testsuite> <!-- com.Hash.e_invoice.TC5_AddDevice -->
