<?xml version="1.0" encoding="UTF-8"?>
<!-- Generated by org.testng.reporters.JUnitReportReporter -->
<testsuite hostname="MacBook-Pro-2" failures="0" tests="35" name="com.Hash.e_invoice.TC6_Customer" time="104.632" errors="0" timestamp="2024-11-28T22:05:21 EST" skipped="0">
  <testcase classname="com.Hash.e_invoice.TC6_Customer" name="T01_NavigateToURL" time="13.170"/>
  <testcase classname="com.Hash.e_invoice.TC6_Customer" name="T03_EnterPassword" time="3.074"/>
  <testcase classname="com.Hash.e_invoice.TC6_Customer" name="T18_InputAdditionalStreetAr" time="2.057"/>
  <testcase classname="com.Hash.e_invoice.TC6_Customer" name="T27_InputFirstNameAr" time="2.061"/>
  <testcase classname="com.Hash.e_invoice.TC6_Customer" name="T15_InputStreetAddress" time="2.065"/>
  <testcase classname="com.Hash.e_invoice.TC6_Customer" name="T30_InputLastNameEn" time="2.063"/>
  <testcase classname="com.Hash.e_invoice.TC6_Customer" name="T04_ClickOnSignIn" time="10.062"/>
  <testcase classname="com.Hash.e_invoice.TC6_Customer" name="T29_InputLastNameAr" time="2.057"/>
  <testcase classname="com.Hash.e_invoice.TC6_Customer" name="T31_InputMiddleNameAr" time="2.054"/>
  <testcase classname="com.Hash.e_invoice.TC6_Customer" name="T22_InputDristicEn" time="2.044"/>
  <testcase classname="com.Hash.e_invoice.TC6_Customer" name="T34_InputJobTitleEn" time="2.052"/>
  <testcase classname="com.Hash.e_invoice.TC6_Customer" name="T09_InputVatNumber" time="2.090"/>
  <testcase classname="com.Hash.e_invoice.TC6_Customer" name="T21_inputDistrictAr" time="2.035"/>
  <testcase classname="com.Hash.e_invoice.TC6_Customer" name="T13_InputBuildingNumber" time="2.090"/>
  <testcase classname="com.Hash.e_invoice.TC6_Customer" name="T19_InputCityAr" time="2.057"/>
  <testcase classname="com.Hash.e_invoice.TC6_Customer" name="T17_InputAdditionalStreetAr" time="2.055"/>
  <testcase classname="com.Hash.e_invoice.TC6_Customer" name="T25_InputPostalCode" time="2.059"/>
  <testcase classname="com.Hash.e_invoice.TC6_Customer" name="T07_InputRegNmAr" time="2.080"/>
  <testcase classname="com.Hash.e_invoice.TC6_Customer" name="T11_InputEmail" time="2.091"/>
  <testcase classname="com.Hash.e_invoice.TC6_Customer" name="T28_InputFirstNameEn" time="2.056"/>
  <testcase classname="com.Hash.e_invoice.TC6_Customer" name="T12_InputPhoneNumber" time="2.058"/>
  <testcase classname="com.Hash.e_invoice.TC6_Customer" name="T24_InputProvinceOrStateEn" time="2.056"/>
  <testcase classname="com.Hash.e_invoice.TC6_Customer" name="T05_ClickOnCustomerTab" time="2.091"/>
  <testcase classname="com.Hash.e_invoice.TC6_Customer" name="T33_InputJobTitleAr" time="2.057"/>
  <testcase classname="com.Hash.e_invoice.TC6_Customer" name="T26_ClicOnContactInformation" time="2.072"/>
  <testcase classname="com.Hash.e_invoice.TC6_Customer" name="T32_InputMiddleNameEn" time="2.056"/>
  <testcase classname="com.Hash.e_invoice.TC6_Customer" name="T14_InputAdditionalBuildingNumber" time="2.053"/>
  <testcase classname="com.Hash.e_invoice.TC6_Customer" name="T06_ClickOnCreateNew" time="2.128"/>
  <testcase classname="com.Hash.e_invoice.TC6_Customer" name="T20_InputCityEn" time="2.055"/>
  <testcase classname="com.Hash.e_invoice.TC6_Customer" name="T02_EnterEmail" time="2.122"/>
  <testcase classname="com.Hash.e_invoice.TC6_Customer" name="T16_InputStreetAddressEn" time="2.057"/>
  <testcase classname="com.Hash.e_invoice.TC6_Customer" name="T23_InputProvinceOrStateAr" time="2.056"/>
  <testcase classname="com.Hash.e_invoice.TC6_Customer" name="T08_InputRegNmEn" time="2.061"/>
  <testcase classname="com.Hash.e_invoice.TC6_Customer" name="T10_InputCRN" time="6.252"/>
  <testcase classname="com.Hash.e_invoice.TC6_Customer" name="T35_ClickOnSave" time="10.086"/>
</testsuite> <!-- com.Hash.e_invoice.TC6_Customer -->
